0 info it worked if it ends with ok
1 verbose cli [ '/usr/bin/node', '/usr/bin/npm', 'run', 'watch' ]
2 info using npm@1.4.28
3 info using node@v0.10.33
4 verbose node symlink /usr/bin/node
5 verbose run-script [ 'prewatch', 'watch', 'postwatch' ]
6 info prewatch diya-sdk@0.5.0
7 info watch diya-sdk@0.5.0
8 verbose unsafe-perm in lifecycle true
9 info diya-sdk@0.5.0 Failed to exec watch script
10 error diya-sdk@0.5.0 watch: `watchify src/diya-sdk.js -d --s maya -o dist/diya-sdk.js -v`
10 error Exit status 8
11 error Failed at the diya-sdk@0.5.0 watch script.
11 error This is most likely a problem with the diya-sdk package,
11 error not with npm itself.
11 error Tell the author that this fails on your system:
11 error     watchify src/diya-sdk.js -d --s maya -o dist/diya-sdk.js -v
11 error You can get their info via:
11 error     npm owner ls diya-sdk
11 error There is likely additional logging output above.
12 error System Linux 3.13.0-39-generic
13 error command "/usr/bin/node" "/usr/bin/npm" "run" "watch"
14 error cwd /home/sylvain/dev/diya-sdk
15 error node -v v0.10.33
16 error npm -v 1.4.28
17 error code ELIFECYCLE
18 verbose exit [ 1, true ]
